Log started at 28.06.2023	16:20:18
Number of used processors (NPROC): 16.
Number of mesh partitions (NPART): 16.
Total Physical Memory = 15.19 Gb, Available Physical Memory = 7.78 Gb
Computer name:	ZEDRICK
Operating system:	Windows 10 (or higher) (Version 10.0.22621)

SOLIDWORKS 2022 SP2.0
Flow Simulation 2022  x64 / 5593

Project: C:\Users\oscar\Desktop\INNOVANDO ANDO - Copy\DISEÑO ROBOT PIPELINEE\3\3.xmlconfig
Configuration name: Predeterminado
Project name: GAS
Problem type: internal-type
Exclude cavities without flow conditions: ON
NGK: OFF
MBO: OFF
-----------------------------------------------------------------------
Mesher option run = eRunMesherNormal
-----------------------------------------------------------------------

Mesh generation started:	28.6.2023	16:20:18
-----------------------------------------------------------------------
Memory Working Set Current = 19.94 Mb, Memory Working Set Peak = 19.94 Mb
Process Threads Number: 7
-----------------------------------------------------------------------
Mesher adjust APD = OFF; AdjustAPD_method=0; N_per_Channel = 0; N2_per_Channel = 0
Current CPU = 0 sec
-----------------------------------------------------------------------
Geometries initialization:
-----------------------------------------------------------------------
Loading mesh settings (global/local)...
-----------------------------------------------------------------------
Number of geometries from DB: 1
Geometry(0):
	Guid = {00000000-0000-0000-0000-000000000000}
	Fluid..
	4 Bodies.
	1 Real body.
	-- Bodyset 0 --
		Tolerance=8.4e-05.
		726 Face(s).
			726 of b-spline type.
		0 Face(s) that have no ref faces
		394 Plane surface(s).
		268 Cylinder surface(s).
		6 Cone surface(s).
		12 Sphere surface(s).
		28 Torus surface(s).
		18 Blending surface(s).
		24390 Triangle(s).
		Getting triangle connectivities from DB: 0.001 s
		1576 Edge(s).
			1576 of b-spline type.
		BodyGeom reading: 0.025 s.
		24378 Reference Triangles.
		Getting triangle connectivities from DB (Ref): 0.002 s
		BodyGeom Ref reading: 0.003 s.
Geometry(1):
	Solid.
	-- Bodyset 1 --
	Empty
-----------------------------------------------------------------------
Number of geometries in task: 2
Number of bodysets   in task: 2
-----------------------------------------------------------------------
BodySet (0):
	Making hash and connectivity for Bodyset ...
		CBodyGeom:
		Hash size: {16, 54, 16}.
		Mesh size: {4, 54, 4}.
		Hashing triangles...Ok.
			axis(0) tr sizes: average=60 max=1551
			axis(1) tr sizes: average=184 max=1088
			axis(2) tr sizes: average=60 max=2209
		Number of t-connected sets:5 (cavity=1)
		CBodyGeomRef:
		Hashing triangles...Ok.
			axis(0) tr sizes: average=194 max=4129
			axis(1) tr sizes: average=1820 max=4005
			axis(2) tr sizes: average=193 max=5575
	0.0132 s.
Geometries reading and preparing has taken 0.050 s.
-----------------------------------------------------------------------
Mapped triangles:
Hashing rough geometry(bodies) triangulation:
BodySet (0):
	Triangles num=24390
	Triangles box={-0.125384 ,0.0332487 ,-2.02875 ,-0.037913 ,-0.0793165 ,0.0793162}
		3d-hash size is 182068 bytes
BodySet (1):
Empty

Hashing peculiar surfaces triangles:
Surface triangles (0):
	Triangles num=90
	Triangles box={-0.127087 ,0.0352998 ,-0.0502117 ,-0.0417593 ,-0.0813944 ,0.0809326}
		3d-hash size is 4772 bytes
Surface triangles (1):
	Triangles num=90
	Triangles box={-0.127302 ,0.0351669 ,-2.02478 ,-2.02478 ,-0.0812346 ,0.0812342}
		3d-hash size is 4764 bytes

Mapped triangles processed in 0.014 s.
-----------------------------------------------------------------------
-----------------------------------------------------------------------
Getting sectors:
Number of sectors: 0
-----------------------------------------------------------------------
-----------------------------------------------------------------------

Current CPU = 1 sec
-----------------------------------------------------------------------
Memory Working Set Current = 47.63 Mb, Memory Working Set Peak = 52.83 Mb
Process Threads Number: 22
-----------------------------------------------------------------------
-----------------------------------------------------------------------
Checking faces on CD...
FCD = [0 0 0 0 0 0]
FCD_conflicts = 0
Time (check faces on CD)=0.000 s
-----------------------------------------------------------------------

-----------------------------------------------------------------------
Mesh dimensions:
				I[0 ]=4
				I[1 ]=54
				I[2 ]=4

Comp. domain size:
				a[0  ]=-0.125226
				a[1  ]=0.0330904
				a[2  ]=-2.02677
				a[3  ]=-0.0398999
				a[4  ]=-0.0791582
				a[5  ]=0.0791578

Fluid calculated			1
Solid calculated			0
-----------------------------------------------------------------------
MESH Build started...
-----------------------------------------------------------------------
Mesh LEVEL = 1
-----------------------------------------------------------------------
-----------------------------------------------------------------------
CPT-mode xeps:
	D / dh / eps [axis=0] = (0.158316, 0.0197833, 1.97833e-05)
	D / dh / eps [axis=1] = (1.98687, 0.0183919, 1.83919e-05)
	D / dh / eps [axis=2] = (0.158316, 0.0197849, 1.97849e-05)
-----------------------------------------------------------------------
Initial allocation and brick-body-box intersection...OK (0.000 s)
Initial triangle brick intersection...OK (0.000 s)
Setting regions (864 / 864)...OK (0.000 s)
-----------------------------------------------------------------------
Base mesh info:
	3D task
	Nx=4
	Ny=54
	Nz=4
	N(Nx*Ny*Nz) = 216
	Period    axis=[0, 0, 0]
	Symmetry  ni=[0 0 0 0 0 0]
	ZoomingBC ni=[0 0 0 0 0 0]
	Nx=4
		x[0]=-0.125226
		x[1]=-0.0856341
		x[2]=-0.0460551
		x[3]=-0.00647614
		x[4]=0.0330904
	Ny=54
		y[0]=-2.02677
		y[1]=-1.98996
		y[2]=-1.95317
		y[3]=-1.91638
		y[4]=-1.87958
		y[5]=-1.84279
		y[6]=-1.80599
		y[7]=-1.7692
		y[8]=-1.73241
		y[9]=-1.69561
		y[10]=-1.65882
		y[11]=-1.62203
		y[12]=-1.58523
		y[13]=-1.54844
		y[14]=-1.51164
		y[15]=-1.47485
		y[16]=-1.43806
		y[17]=-1.40126
		y[18]=-1.36447
		y[19]=-1.32767
		y[20]=-1.29088
		y[21]=-1.25409
		y[22]=-1.21729
		y[23]=-1.1805
		y[24]=-1.14371
		y[25]=-1.10691
		y[26]=-1.07012
		y[27]=-1.03332
		y[28]=-0.99653
		y[29]=-0.959736
		y[30]=-0.922942
		y[31]=-0.886148
		y[32]=-0.849354
		y[33]=-0.812561
		y[34]=-0.775767
		y[35]=-0.738973
		y[36]=-0.702179
		y[37]=-0.665385
		y[38]=-0.628591
		y[39]=-0.591798
		y[40]=-0.555004
		y[41]=-0.51821
		y[42]=-0.481416
		y[43]=-0.444622
		y[44]=-0.407828
		y[45]=-0.371034
		y[46]=-0.334241
		y[47]=-0.297447
		y[48]=-0.260653
		y[49]=-0.223859
		y[50]=-0.187065
		y[51]=-0.150271
		y[52]=-0.113478
		y[53]=-0.0766837
		y[54]=-0.0398999
	Nz=4
		z[0]=-0.0791582
		z[1]=-0.03957
		z[2]=8.94816e-06
		z[3]=0.0395879
		z[4]=0.0791578
-----------------------------------------------------------------------
Input_mesh_settings--------------------------------
Settings 0----------------
	Scope: GLOBAL
	Type:	------MESHER_SETTINGS----------
	RefAllCells           =0
	RefFluidCells         =0
	RefPartCells          =0
	RefSolidCells         =0
	l_SSFR(Capture crit)  =1
	l_curv(Curvature crit)=0
	l_tol(Tolerance crit) =0
	UseChannelRef         =1
	  NCR_method          =0
	  l_NCR               =1
	  N_gap               =5
	  Use d_NCR_min       =0
	  Use d_NCR_max       =0
	CloseThinSlotsHeight         =0
	--END_OF_MESHER_SETTINGS-------
End of input mesh settings-------------------------
-----------------------------------------------------------------------
Memory Working Set Current = 48.93 Mb, Memory Working Set Peak = 52.83 Mb
Process Threads Number: 22
-----------------------------------------------------------------------
MMP (msh): locals=1, allc_sz=0.12 MB, used_sz=0.11 MB, blks-min-max=6/6
MMP (brx): locals=16, allc_sz=0.31 MB, used_sz=0.11 MB, blks-min-max=1/2
MMP (bcf): locals=0, allc_sz=0.00 MB, used_sz=0.00 MB, blks-min-max=0/0
MMP (xsl): locals=0, allc_sz=0.00 MB, used_sz=0.00 MB, blks-min-max=0/0
NxNyNz = [4, 54, 4]
base_dx=0.0386506; 
NxNyNz_reverse = [4, 51, 4]

-----------------------------------------------------------------------
Refining geometries:
-----------------------------------------------------------------------

-----------------------------------------------------------------------
Refining by triangulation...
Refinement input: 864 bricks
	Checking crit (864 / 864)...56 marked (0.012 s)
	Time(refinement): 0.000 s
Setting regions (448 / 1256)...OK (0.000 s)
	Checking crit (0 / 1256)...0 marked (0.000 s)
Refinement result: 1256 bricks (0.013 s)
Refinement input: 1256 bricks
	Checking crit (808 / 1256)...0 marked (0.000 s)
Refinement result: 1256 bricks (0.000 s)
Collecting and processing rays:
	Adding rays...OK (0.000 s)
	new bricks = 1256 / 1256
	new rays   = 740 (x=331, y=78, z=331)
	Processing rays...
		Rays process:  0.007 (0.007) s
		Sort xstacks:  0.000 (0.000) s
		Put xstacks:   0.000 (0.000) s
		Total:         0.007 s
	Correcting rays...
		Lame vertices: 0.000 (0.000) s
		Bad rays:      0.000 (0.000) s
		Emit rays:     0.000 (0.000) s
		Correct ray f: 0.000 (0.000) s
		Undef:         0.000 (0.000) s
		Sum:           0.000 (0.000) s
		Total:         0.000 s
	Time (rays): 0.008 s
Capturing (1256 / 1256)...OK (0.000 s)
Refining by triangulation takes 0.022 s
-----------------------------------------------------------------------

-----------------------------------------------------------------------
Refining peculiar surfaces...
0 surfaces refined
Refining peculiar surfaces takes 0 s
-----------------------------------------------------------------------
Collecting and processing rays:
	Adding rays...OK (0.000 s)
	new bricks = 0 / 1256
	new rays   = 0 (x=0, y=0, z=0)
	Processing rays...
		Rays process:  0.000 (0.000) s
		Sort xstacks:  0.000 (0.000) s
		Put xstacks:   0.000 (0.000) s
		Total:         0.000 s
	Correcting rays...
		Total:         0.000 s
	Time (rays): 0.000 s
Capturing (0 / 1256)...OK (0.000 s)

-----------------------------------------------------------------------
Base mesh 1 Refining...
Collecting and processing rays:
	Adding rays...OK (0.000 s)
	new bricks = 0 / 1256
	new rays   = 0 (x=0, y=0, z=0)
	Processing rays...
		Rays process:  0.000 (0.000) s
		Sort xstacks:  0.000 (0.000) s
		Put xstacks:   0.000 (0.000) s
		Total:         0.000 s
	Correcting rays...
		Total:         0.000 s
	Time (rays): 0.000 s
Capturing (0 / 1256)...OK (0.000 s)
Refinement input: 1256 bricks
	Checking crit (808 / 1256)...0 marked (0.000 s)
Refinement result: 1256 bricks (0.000 s)
-----------------------------------------------------------------------
Refining channels...
FYI: CNarrowChannelRefiner::RefineChannels_PRLL
Refinement input: 1256 bricks
	Time(refinement): 0.000 s
Setting regions (5024 / 5652)...OK (0.000 s)
Refinement result: 5652 bricks (0.001 s)
Collecting and processing rays:
	Adding rays...OK (0.000 s)
	new bricks = 5024 / 5652
	new rays   = 1303 (x=650, y=3, z=650)
	Processing rays...
		Rays process:  0.001 (0.001) s
		Sort xstacks:  0.000 (0.000) s
		Put xstacks:   0.000 (0.000) s
		Total:         0.002 s
	Correcting rays...
		Lame vertices: 0.000 (0.000) s
		Bad rays:      0.000 (0.000) s
		Emit rays:     0.000 (0.000) s
		Correct ray f: 0.000 (0.000) s
		Undef:         0.000 (0.000) s
		Sum:           0.000 (0.000) s
		Total:         0.001 s
	Time (rays): 0.003 s
Capturing (5024 / 5652)...OK (0.000 s)
FYI: m_iteration_count = 0
FYI: level1 statistics:
     level1_cnt_plus[1]=5024;		level1_cnt_minus[1]=0
     level1_cnt_plus[2]=0;		level1_cnt_minus[2]=0
     level1_cnt_plus[3]=0;		level1_cnt_minus[3]=0
     level1_cnt_plus[4]=0;		level1_cnt_minus[4]=0
     level1_cnt_plus[5]=0;		level1_cnt_minus[5]=0
     level1_cnt_plus[6]=0;		level1_cnt_minus[6]=0
     level1_cnt_plus[7]=0;		level1_cnt_minus[7]=0
     level1_cnt_plus[8]=0;		level1_cnt_minus[8]=0
     level1_cnt_plus[9]=0;		level1_cnt_minus[9]=0
Refinement input: 5652 bricks
	Time(refinement): 0.000 s
Setting regions (32 / 5680)...OK (0.000 s)
Refinement result: 5680 bricks (0.000 s)
Collecting and processing rays:
	Adding rays...OK (0.000 s)
	new bricks = 32 / 5680
	new rays   = 0 (x=0, y=0, z=0)
	Processing rays...
		Rays process:  0.000 (0.000) s
		Sort xstacks:  0.000 (0.000) s
		Put xstacks:   0.000 (0.000) s
		Total:         0.000 s
	Correcting rays...
		Total:         0.000 s
	Time (rays): 0.001 s
Capturing (32 / 5680)...OK (0.000 s)
FYI: m_iteration_count = 1
FYI: level1 statistics:
     level1_cnt_plus[1]=5056;		level1_cnt_minus[1]=0
     level1_cnt_plus[2]=0;		level1_cnt_minus[2]=0
     level1_cnt_plus[3]=0;		level1_cnt_minus[3]=0
     level1_cnt_plus[4]=0;		level1_cnt_minus[4]=0
     level1_cnt_plus[5]=0;		level1_cnt_minus[5]=0
     level1_cnt_plus[6]=0;		level1_cnt_minus[6]=0
     level1_cnt_plus[7]=0;		level1_cnt_minus[7]=0
     level1_cnt_plus[8]=0;		level1_cnt_minus[8]=0
     level1_cnt_plus[9]=0;		level1_cnt_minus[9]=0
FYI: m_iteration_count = 2
FYI: level1 statistics:
     level1_cnt_plus[1]=5056;		level1_cnt_minus[1]=0
     level1_cnt_plus[2]=0;		level1_cnt_minus[2]=0
     level1_cnt_plus[3]=0;		level1_cnt_minus[3]=0
     level1_cnt_plus[4]=0;		level1_cnt_minus[4]=0
     level1_cnt_plus[5]=0;		level1_cnt_minus[5]=0
     level1_cnt_plus[6]=0;		level1_cnt_minus[6]=0
     level1_cnt_plus[7]=0;		level1_cnt_minus[7]=0
     level1_cnt_plus[8]=0;		level1_cnt_minus[8]=0
     level1_cnt_plus[9]=0;		level1_cnt_minus[9]=0
FYI: level1 statistics:
     level1_cnt_plus[1]=5056;		level1_cnt_minus[1]=0
     level1_cnt_plus[2]=0;		level1_cnt_minus[2]=0
     level1_cnt_plus[3]=0;		level1_cnt_minus[3]=0
     level1_cnt_plus[4]=0;		level1_cnt_minus[4]=0
     level1_cnt_plus[5]=0;		level1_cnt_minus[5]=0
     level1_cnt_plus[6]=0;		level1_cnt_minus[6]=0
     level1_cnt_plus[7]=0;		level1_cnt_minus[7]=0
     level1_cnt_plus[8]=0;		level1_cnt_minus[8]=0
     level1_cnt_plus[9]=0;		level1_cnt_minus[9]=0

-----------------------------------------------------------------------
U-shapes refinement...
Refinement input: 5680 bricks
	Checking crit (176 / 5680)...0 marked (0.000 s)
Refinement result: 5680 bricks (0.000 s)
Collecting and processing rays:
	Adding rays...OK (0.000 s)
	new bricks = 0 / 5680
	new rays   = 0 (x=0, y=0, z=0)
	Processing rays...
		Rays process:  0.000 (0.000) s
		Sort xstacks:  0.000 (0.000) s
		Put xstacks:   0.000 (0.000) s
		Total:         0.000 s
	Correcting rays...
		Total:         0.000 s
	Time (rays): 0.000 s
Capturing (0 / 5680)...OK (0.000 s)
-----------------------------------------------------------------------

-----------------------------------------------------------------------
Equi Distant Refiner:
Equi Distant Refiner takes 0.00 s
-----------------------------------------------------------------------

/-Ray Intersection---------------/ Time	0.072 s
Calls                2043
CorrectRay Calls     0



-----------------------------------------------------------------------
Refining geometries takes 0.058 s
-----------------------------------------------------------------------
-----------------------------------------------------------------------
Memory Working Set Current = 63.00 Mb, Memory Working Set Peak = 65.26 Mb
Process Threads Number: 22
-----------------------------------------------------------------------
Defect ray count	0
FYI: CNarrowChannelRefiner::RedistributeLevel1_step_1: is finished
FYI: level1 statistics:
     level1_cnt_plus[1]=5056;		level1_cnt_minus[1]=0
     level1_cnt_plus[2]=0;		level1_cnt_minus[2]=0
     level1_cnt_plus[3]=0;		level1_cnt_minus[3]=0
     level1_cnt_plus[4]=0;		level1_cnt_minus[4]=0
     level1_cnt_plus[5]=0;		level1_cnt_minus[5]=0
     level1_cnt_plus[6]=0;		level1_cnt_minus[6]=0
     level1_cnt_plus[7]=0;		level1_cnt_minus[7]=0
     level1_cnt_plus[8]=0;		level1_cnt_minus[8]=0
     level1_cnt_plus[9]=0;		level1_cnt_minus[9]=0
FYI: CNarrowChannelRefiner::RedistributeLevel1_step_2: is started
FYI: CNarrowChannelRefiner::RedistributeLevel1_step_2: is finished
FYI: level1 statistics:
     level1_cnt_plus[1]=5382;		level1_cnt_minus[1]=0
     level1_cnt_plus[2]=0;		level1_cnt_minus[2]=0
     level1_cnt_plus[3]=0;		level1_cnt_minus[3]=0
     level1_cnt_plus[4]=0;		level1_cnt_minus[4]=0
     level1_cnt_plus[5]=0;		level1_cnt_minus[5]=0
     level1_cnt_plus[6]=0;		level1_cnt_minus[6]=0
     level1_cnt_plus[7]=0;		level1_cnt_minus[7]=0
     level1_cnt_plus[8]=0;		level1_cnt_minus[8]=0
     level1_cnt_plus[9]=0;		level1_cnt_minus[9]=0
FYI: CNarrowChannelRefiner::RedistributeLevel1_step_3: is started
FYI: CNarrowChannelRefiner::RedistributeLevel1_step_3: is finished
RedistributeLevel1 takes:
FYI: level1 statistics:
     level1_cnt_plus[1]=5382;		level1_cnt_minus[1]=100
     level1_cnt_plus[2]=0;		level1_cnt_minus[2]=0
     level1_cnt_plus[3]=0;		level1_cnt_minus[3]=0
     level1_cnt_plus[4]=0;		level1_cnt_minus[4]=0
     level1_cnt_plus[5]=0;		level1_cnt_minus[5]=0
     level1_cnt_plus[6]=0;		level1_cnt_minus[6]=0
     level1_cnt_plus[7]=0;		level1_cnt_minus[7]=0
     level1_cnt_plus[8]=0;		level1_cnt_minus[8]=0
     level1_cnt_plus[9]=0;		level1_cnt_minus[9]=0
-----------------------------------------------------------------------
MSH format builder (Iteration 0)
-----------------------------------------------------------------------
Memory Working Set Current = 65.66 Mb, Memory Working Set Peak = 68.23 Mb
Process Threads Number: 22
-----------------------------------------------------------------------
Total bricks count: 5680
-----------------------------------------------------------------------
MSH (Real Geometry) format constructor:
	Geom    Count = 2
	Bodyset Count = 2
	3D task
	Getting brick sets...OK (0.000 s)

	Min x-stack xeps = 6.40422e-06
	D / dh / eps [axis=0] = (0.158316, 0.0197833, 2.13474e-06)
	D / dh / eps [axis=1] = (1.98687, 0.0183919, 2.13474e-06)
	D / dh / eps [axis=2] = (0.158316, 0.0197849, 2.13474e-06)
	Time (xeps): 0.000 s
Level 1
	Set (0)  size: 2752
	Set (0)  time: 0.020 s
	Set (1)  size: 2752
	Set (1)  time: 0.036 s
Level 0
	Set (0)  size: 88
	Set (0)  time: 0.000 s
	Set (1)  size: 88
	Set (1)  time: 0.000 s

	Spread npq bricks...62 marked (0.000 s)

Result:
	Bricks number:                        5680

	Memory usage:                         2.205 MB
	Memory usage (per brick):             0.397 KB
	Construction time:                    0.058 s

	Topology features:
	------------------
	- High quality bricks                   98.73 % (5608)
	- Medium quality bricks                  1.27 % (72)
	- Bad quality bricks                     0.00 % (0)
	- NPQ bricks                             1.73 % (98)
	- Type-1 bricks                         57.18 % (3248)
	- Ribs corrected bricks                  0.00 % (0)
	- Points with geom-info (bricks)         1.76 % (100)
	- Points with closest-info (bricks)      0.04 % (2)
	- Triangulated by center (bricks)        1.64 % (93)
	- Facet w-faces mergings (bricks)        0.00 % (0)
	- To refine (bricks)                     0.00 % (0)
	- Points-count                           0.00 % (0)
	- T-self-intersection-all (bricks)       0.00 % (0)
	- T-self-intersection-simple (bricks)    0.00 % (0)
	- T-self-intersection-complex (bricks)   0.00 % (0)
	- NPQ by reason 1 u-shape                0.26 % (15)
	- NPQ by reason 2 tri-by-ctr             0.19 % (11)
	- NPQ by reason 3 ray-correction         0.00 % (0)
	- NPQ by reason 4 t-self-intersection    0.00 % (0)
	- NPQ by reason 5 non-good               1.27 % (72)
	- NPQ by reason 6 npq-worker             0.00 % (0)

-----------------------------------------------------------------------
Memory Working Set Current = 99.25 Mb, Memory Working Set Peak = 99.25 Mb
Process Threads Number: 22
-----------------------------------------------------------------------
-----------------------------------------------------------------------
msh-iterations: 1
-----------------------------------------------------------------------
high---q-brick-count =  98.73 % (5680 5608)
medium-q-brick-count =   1.27 % (5680 72)
bad----q-brick-count =   0.00 % (5680 0)
np-----q-brick-count =   2.82 % (5680 160)
-----------------------------------------------------------------------
Free brick parser storage...OK(0.006 s)
-----------------------------------------------------------------------
Memory Working Set Current = 91.38 Mb, Memory Working Set Peak = 99.88 Mb
Process Threads Number: 22
-----------------------------------------------------------------------
-----------------------------------------------------------------------
MSH --> BCF format (Iteration 0)...
BCF collector...(remove mode=0)
	Time (alloc counter per brick): 0.000 s
	Brick    count: 5680
	Av.f all count: 5381
	Av.s all count: 4009
	Av.f pid count: 3381
	Av.s pid count: 3577
	Faces fs count: 6486
	Faces ff count: 0
	Faces ss count: 0
	Faces bb count: 0
	Faces fe count: 0
	Faces se count: 3560
	Faces fw count: 10046
	Faces af count: 14794
	Faces as count: 8418
	Time (all count): 	0.001 s
	Time (bcf alloc): 	0.001 s
	Time (shifts alloc): 	0.000 s
	Time (shifts init): 	0.000 s
	Time (bcf fill): 	0.001 s
	Time (add av to faces): 0.000 s
	Time (add faces to av): 0.000 s
Time (bcf collect): 		0.004 s
	AV checker...
	Time (check av): 	0.001 s
	Subdomain checker...
		Subdomains construction time: 0.000 s.
		Subdomains sort time: 0.000 s.
			Subdomain 0 (geom_ind=0): 5355 av
			Subdomain 1 (geom_ind=0): 10 av
			Subdomain 2 (geom_ind=0): 4 av
			Subdomain 3 (geom_ind=0): 4 av
			Subdomain 4 (geom_ind=0): 4 av
			Subdomain 5 (geom_ind=0): 4 av
			Subdomain 6 (geom_ind=1): 3580 av
			Subdomain 7 (geom_ind=1): 223 av
			Subdomain 8 (geom_ind=1): 101 av
			Subdomain 9 (geom_ind=1): 84 av
			...
			Subdomain 14 (geom_ind=1): 4 av
		gi: 0, real bodies: 1
		gi: 0, subdomains:  6
		Defect subdomains by real bodies count: 5
		gi: 1, real bodies: 0
		gi: 1, subdomains:  9
		Defect subdomains: 5
	Time (check subdoms): 	0.001 s
Free bcf...            OK	Time=0.000 s
	Time (corr msh): 	0.000 s
	Bricks corrected: 22
Time (bcf iteration total): 	0.007 s
-----------------------------------------------------------------------
MSH --> BCF format (Iteration 1)...
BCF collector...(remove mode=0)
	Time (alloc counter per brick): 0.000 s
	Brick    count: 5680
	Av.f all count: 5355
	Av.s all count: 4007
	Av.f pid count: 3355
	Av.s pid count: 3575
	Faces fs count: 6359
	Faces ff count: 0
	Faces ss count: 0
	Faces bb count: 0
	Faces fe count: 0
	Faces se count: 3560
	Faces fw count: 9919
	Faces af count: 14762
	Faces as count: 8450
	Time (all count): 	0.001 s
	Time (bcf alloc): 	0.001 s
	Time (shifts alloc): 	0.000 s
	Time (shifts init): 	0.000 s
	Time (bcf fill): 	0.001 s
	Time (add av to faces): 0.000 s
	Time (add faces to av): 0.000 s
Time (bcf collect): 		0.004 s
	AV checker...
	Time (check av): 	0.001 s
	Subdomain checker...
		Subdomains construction time: 0.000 s.
		Subdomains sort time: 0.000 s.
			Subdomain 0 (geom_ind=0): 5355 av
			Subdomain 1 (geom_ind=1): 3580 av
			Subdomain 2 (geom_ind=1): 223 av
			Subdomain 3 (geom_ind=1): 99 av
			Subdomain 4 (geom_ind=1): 84 av
			Subdomain 5 (geom_ind=1): 5 av
			Subdomain 6 (geom_ind=1): 4 av
			Subdomain 7 (geom_ind=1): 4 av
			Subdomain 8 (geom_ind=1): 4 av
			Subdomain 9 (geom_ind=1): 4 av
		gi: 0, real bodies: 1
		gi: 0, subdomains:  1
		gi: 1, real bodies: 0
		gi: 1, subdomains:  9
		Defect subdomains: 0
	Time (check subdoms): 	0.001 s
Time (bcf iteration total): 	0.006 s
	Time (fw-nb): 		0.000 s
	Fixed mutual fw-nb:     3742 (bb: 0)
	Time (fw-nb mutual): 	0.001 s
	Time (fw-nb sort): 	0.000 s
	Fw-opt BEFORE total:    9919 (fs=6359, ff=0, ss=0)
	Fw-opt AFTER  total:    9442 (fs=5882, ff=0, ss=0, failed fw/br=43/18, big_curv=137, big_poly=8)
	Fw-opt RESULT:          477 (res/(fs+ff+ss) = 7.50 %)
	Time (fw-opt): 		0.000 s
	Time (fw-re-order): 	0.001 s
	Time (fw-nb): 		0.003 s
	Fixed mutual fw-nb:     18235 (bb: 0)
	Time (fw-nb mutual): 	0.001 s
	Time (fw-nb sort): 	0.000 s
	Time (rfd fix): 	0.000 s
	Time (av convexity): 	0.001 s
	Time (av small volume): 0.000 s
	Time (diagonal fw-nb): 	0.004 s
	Fixed mutual fw-nb:     0 (bb: 0)
	Time (fw-nb mutual): 	0.000 s
	Time (fw-nb sort): 	0.000 s
	Fluid subdomains: 1
	Faces fw-nb diff sd:    0
	Time (fw-nb diff sd): 	0.001 s
Time (bcf calc): 		0.014 s
-----------------------------------------------------------------------
Time (bcf total): 		0.028 s
-----------------------------------------------------------------------
-----------------------------------------------------------------------
Mega-cv constructor for fluid...
	 36 av's is treated as thin
Relative size generator (threshold = 0.05)...
	Iteration 1 (small cluster count = 43)
	Iteration 2 (small cluster count = 19)
	Iteration 3 (small cluster count = 6)
	Iteration 4 (small cluster count = 2)
	Iteration 5 (small cluster count = 0)
	 39 mega-cv's generated
	 6 mega-cv's removed
Relative size generator is completed OK (0.001 s)
Apply fa-rules to mega-cv clusters fixes...
OK (0.000 s)
Convert clusters:
	 33 mega-cv's total
Mega-cv count: 33
Time (mega-cv fill): 	0.000 s
Time (mega-cv total): 	0.003 s
-----------------------------------------------------------------------
Mixing plane rotation regions: NO.
Sliding mesh rotation regions: NO.
Fluid/fluid faces: NO.
-----------------------------------------------------------------------
Memory Working Set Current = 95.45 Mb, Memory Working Set Peak = 99.88 Mb
Process Threads Number: 22
-----------------------------------------------------------------------
----------------------------------------------------------
BCF --> BCF.GEOMSUBDOM (bridge arrays):
MESH (0):
	Fluid Subdom Constructor: 1 subdom(s).
	Solid Subdom Constructor: 9 subdom(s).
	Net Asm Subdom Constructor: 0 subdom(s).
	GEOMSUBDOM (0): gi=0 fluid av=5355 cv=5307 fa=14762 fb=0 fw=5882 V=3.785669e-02
	Cache data...OK
	GEOMSUBDOM (1): gi=1 solid av=3580 cv=3580 fa=7601 fb=0 fw=7207 V=1.147151e-02
	Cache data...OK
	GEOMSUBDOM (2): gi=1 solid av=223 cv=223 fa=443 fb=0 fw=1122 V=2.627832e-04
	Cache data...OK
	GEOMSUBDOM (3): gi=1 solid av=84 cv=84 fa=164 fb=0 fw=406 V=9.984022e-05
	Cache data...OK
	GEOMSUBDOM (4): gi=1 solid av=99 cv=99 fa=220 fb=0 fw=610 V=1.070873e-04
	Cache data...OK
	GEOMSUBDOM (5): gi=1 solid av=4 cv=4 fa=4 fb=0 fw=12 V=2.888706e-08
	Cache data...OK
	GEOMSUBDOM (6): gi=1 solid av=5 cv=5 fa=6 fb=0 fw=32 V=5.481617e-10
	Cache data...OK
	GEOMSUBDOM (7): gi=1 solid av=4 cv=4 fa=4 fb=0 fw=16 V=3.030802e-09
	Cache data...OK
	GEOMSUBDOM (8): gi=1 solid av=4 cv=4 fa=4 fb=0 fw=20 V=2.434351e-08
	Cache data...OK
	GEOMSUBDOM (9): gi=1 solid av=4 cv=4 fa=4 fb=0 fw=17 V=7.945208e-07
	Cache data...OK
	Setting nb of w-faces...OK (0.001 s).
	Correcting nb of w-faces...
	Time(correct_fw_nb)=0.001 s

MESH (0) checking:
	GEOMSUBDOM (0):fa_s=4.9390769230119673 fb_s=0.0000000000000000 fw_s=1.1593762860548056 fw_nb=57812
	              :d_const(4454)=1.19259e-12 d_linear(4454)=2.47922e-12
	GEOMSUBDOM (1):fa_s=1.2795142530114281 fb_s=0.0000000000000000 fw_s=2.3488193630906404 fw_nb=45606
	              :d_const(3008)=4.73416e-12 d_linear(3008)=1.7757e-10
	GEOMSUBDOM (2):fa_s=0.0414465186727783 fb_s=0.0000000000000000 fw_s=0.0713833656922450 fw_nb=12894
	              :d_const(19)=2.27895e-13 d_linear(148)=3.47456e-11
	GEOMSUBDOM (3):fa_s=0.0179542644827248 fb_s=0.0000000000000000 fw_s=0.0214940594494648 fw_nb=4710
	              :d_const(15)=3.84219e-12 d_linear(82)=1.36452e-11
	GEOMSUBDOM (4):fa_s=0.0190305847520286 fb_s=0.0000000000000000 fw_s=0.0252283466263531 fw_nb=7876
	              :d_const(3)=8.02215e-13 d_linear(30)=3.06524e-11
	GEOMSUBDOM (5):fa_s=0.0000212858866599 fb_s=0.0000000000000000 fw_s=0.0000903363058579 fw_nb=100
	              :d_const(2)=7.7324e-17 d_linear(1)=1.52063e-14
	GEOMSUBDOM (6):fa_s=0.0000080746002550 fb_s=0.0000000000000000 fw_s=0.0000191515629606 fw_nb=356
	              :d_const(1)=5.23194e-17 d_linear(0)=3.44697e-11
	GEOMSUBDOM (7):fa_s=0.0000109680470560 fb_s=0.0000000000000000 fw_s=0.0000220619711447 fw_nb=164
	              :d_const(0)=6.88394e-17 d_linear(3)=4.58226e-12
	GEOMSUBDOM (8):fa_s=0.0000294494893090 fb_s=0.0000000000000000 fw_s=0.0000642224556194 fw_nb=232
	              :d_const(2)=7.98727e-17 d_linear(3)=2.89039e-12
	GEOMSUBDOM (9):fa_s=0.0001834855166406 fb_s=0.0000000000000000 fw_s=0.0005949329315083 fw_nb=130
	              :d_const(2)=7.07171e-12 d_linear(2)=2.68774e-11
MESH (0) checking: OK.
Time (MDS): 	0.009 s
----------------------------------------------------------
-----------------------------------------------------------------------
Memory Working Set Current = 98.93 Mb, Memory Working Set Peak = 99.88 Mb
Process Threads Number: 22
-----------------------------------------------------------------------

-----------------------------------------------------------------------
BCF CHECKSUM DATA (Mesh 0):

BRICK |Level1| Sum:               5482
FACE_A Area Sum:   G.Fluid        4.9390769230119673
FACE_A Area Sum:   G.Solid        1.3581988844588806
FACE_W Area Sum:                  2.4677158400857944
FACE_W Nb   Sum:                  72068
FACE_W min curvatures sum:        -172203.72292805
FACE_W max curvatures sum:        223332.17273903
AV Max Disbalance(Const) :        2.39755e-11 (cid=3782, t={6, 93, 5}, avid=3651, pid=2127)
AV Max Disbalance(Linear):        7.07172e-10 (cid=2652, t={2, 92, 3}, avid=2461, pid=1533)
-----------------------------------------------------------------------


-----------------------------------------------------------------------
MESHER TOPOLOGY DATA:

BRICKS: Total                 5680
BRICKS: Fluid                 5248
BRICKS: Fluid Partial         3248
BRICKS: Type 1                3248
BRICKS: Max AV number         6

AV:     G.Total               9362
AV:     G.Fluid               5355
AV:     G.Solid               4007

AV:     G.Fluid Thin Profile    4.46 % (239)
AV:     G.Solid Thin Profile    2.12 % (85)

AV:     G.Fluid Thin For Mega   0.67 % (36)
AV:     G.Solid Thin For Mega   0.57 % (23)

AV:     G.Fluid Non-Convex      5.83 % (312)
AV:     G.Solid Non-Convex      8.31 % (333)

AV:     G.Fluid Non-Ess-Convex      5.19 % (278)
AV:     G.Solid Non-Ess-Convex      7.44 % (298)

FACE_A: G.Fluid          (af) 14762 (partially opened 6888)
FACE_A: G.Solid          (as) 8450 (partially opened 7144)

FACE_B: G.Total          (b)  0

FACE_W: G.Total                 9442        Brick/Bound
FACE_W: G.Fluid/Solid    (fs_g) 5882        0           
FACE_W: G.Fluid/Fluid    (ff_g) 0           0           
FACE_W: G.Solid/Solid    (ss_g) 0           0           
FACE_W: G.Fluid/External (fe_g) 0
FACE_W: G.Solid/External (se_g) 3560

AV/CV max fa count (on brick side):6
AV/CV max fw count:                6
AV/CV max fb count:                0
AV/CV max fw poly count:           83

MEMORY: Total                   3.986 MB
MEMORY: Per Brick               0.719 KB
-----------------------------------------------------------------------

-----------------------------------------------------------------------
Connectivities information:
	Number of conns: 0
-----------------------------------------------------------------------
	Time (gap size): 	0.006 s
-----------------------------------------------------------------------
Memory Working Set Current = 99.32 Mb, Memory Working Set Peak = 99.88 Mb
Process Threads Number: 22
-----------------------------------------------------------------------
-----------------------------------------------------------------------
Calculating curvature and tolerance criteria...
Curvature: min=0 (cid=0) max=3.14159 (cid=1450)
Tolerance: min=0 (cid=0) max=0.0243044 (cid=2732)
Calculating curvature and tolerance criteria takes 0.020 s
-----------------------------------------------------------------------
MESH Build(FS) finished. Time=0.277 s
-----------------------------------------------------------------------
Current CPU = 1 sec

Nx=4
Ny=54
Nz=4
Max BRICK Level=1
Mesh Level=1
-----------------CModelBodies2MeshMapper::CollectData started -------------------------------
	Time (collect mesh base data): 0.001 s.
	Time (collect model bodies mapping): 0.000 s.
	Time (collect positive bodies mapping): 0.000 s.
	Time (collect fluid bodies mapping): 0.000 s.
-----------------CModelBodies2MeshMapper Report -------------------------------
FluidDomains 1 SolidDomains 9 VoidDomains 0 
Domains RefIndexes
----------------- -------------------------------
	ModelBodies
Total resolved Bodies 0 BodySets 0

--------------------------------------------------------------------------
	Positive geometry Bodies
Total resolved Bodies 1 BodySets 1
BodySet 0
	Bodies list:
			#0	Name: ;	ID: 35f5b6ae-44e1-4a94-9590-63cf1fa3e736
	Domains list:		 0 

--------------------------------------------------------------------------
	Fluid regions
Total resolved Bodies 1 BodySets 1
BodySet 0	Material: Hydrogen; 
	Bodies list:
			#0	Name: ;	ID: 35f5b6ae-44e1-4a94-9590-63cf1fa3e736
	Domains list:		 0 

--------------------------------------------------------------------------
Collect data takes...0.002 s
-----------------CModelBodies2MeshMapper::CollectData finished successfully-------------------
Saving initial mesh in: C:\Users\oscar\Desktop\INNOVANDO ANDO - Copy\DISEÑO ROBOT PIPELINEE\3\3.fld .
Storing results...
	Estimated CPT size=2.091 MB.
	Time (write bcf): 0.061 s
Storing results takes 0.064 s
-----------------------------------------------------------------------
Memory Working Set Current = 100.02 Mb, Memory Working Set Peak = 100.02 Mb
Process Threads Number: 22
-----------------------------------------------------------------------
Cleaning memory...
-----------------------------------------------------------------------
Start to free mesher data...
MMP (msh): locals=16, allc_sz=0.98 MB, used_sz=0.78 MB, blks-min-max=2/8
MMP (brx): locals=16, allc_sz=5.06 MB, used_sz=4.39 MB, blks-min-max=8/13
MMP (bcf): locals=16, allc_sz=6.95 MB, used_sz=6.45 MB, blks-min-max=6/29
MMP (xsl): locals=16, allc_sz=0.46 MB, used_sz=0.28 MB, blks-min-max=1/2
Free xsl...            OK	Time=0.000 s
Free ray collector...  OK	Time=0.000 s
Free ray intersector...OK	Time=0.000 s
Free body sets...      OK	Time=0.004 s
Free Geometry DB takes 0.000 s
Free mesh conn...      OK	Time=0.000 s
Free geomsd...         OK	Time=0.000 s
Free mbricks...        OK	Time=0.000 s
Free hash info...      OK	Time=0.000 s
Free bricks-x...       OK	Time=0.000 s
Free bcf...            OK	Time=0.001 s
Free mesh h...         OK	Time=0.000 s
Free bricks arr..      OK	Time=0.000 s
Free bricks tree...    OK	Time=0.000 s
Free mesh pools...     OK	Time=0.001 s
Free bodies mapper...  OK	Time=0.000 s
Free geom crits...     OK	Time=0.000 s
Free cpt regions...    OK	Time=0.000 s
Free peculiar surfs... OK	Time=0.000 s
Free sw-geometries...  OK	Time=0.000 s
Total free mesher data time: 0.009 s
-----------------------------------------------------------------------
Copying... OK
Mesh generation normally finished at	28.6.2023	16:20:19
Mesher CPU = 1 sec
Mesher is finished at	28.6.2023	16:20:19
-----------------------------------------------------------------------
Memory Working Set Current = 67.11 Mb, Memory Working Set Peak = 100.65 Mb
Process Threads Number: 22
-----------------------------------------------------------------------
Algebra Pool      : mem_usage = 0.19 Mb, allocated count = 0
-----------------------------------------------------------------------
Memory Working Set Current = 66.96 Mb, Memory Working Set Peak = 100.65 Mb
Process Threads Number: 22
-----------------------------------------------------------------------
Log ended at 28.06.2023	16:20:19
