Log started at 08.06.2023	16:36:21
Number of used processors (NPROC): 16.
Number of mesh partitions (NPART): 16.
Total Physical Memory = 15.19 Gb, Available Physical Memory = 5.66 Gb
Computer name:	ZEDRICK
Operating system:	Windows 10 (or higher) (Version 10.0.22621)

SOLIDWORKS 2022 SP2.0
Flow Simulation 2022  x64 / 5593

Project: C:\Users\oscar\Desktop\INNOVANDO ANDO\DISEÑO ROBOT PIPELINEE\2\2.xmlconfig
Configuration name: Predeterminado
Project name: SIMULACION CON GAS
Problem type: internal-type
Exclude cavities without flow conditions: ON
NGK: OFF
MBO: OFF
-----------------------------------------------------------------------
Mesher option run = eRunMesherNormal
-----------------------------------------------------------------------

Mesh generation started:	8.6.2023	16:36:21
-----------------------------------------------------------------------
Memory Working Set Current = 19.91 Mb, Memory Working Set Peak = 19.91 Mb
Process Threads Number: 7
-----------------------------------------------------------------------
Mesher adjust APD = OFF; AdjustAPD_method=0; N_per_Channel = 0; N2_per_Channel = 0
Current CPU = 0 sec
-----------------------------------------------------------------------
Geometries initialization:
-----------------------------------------------------------------------
Loading mesh settings (global/local)...
-----------------------------------------------------------------------
Number of geometries from DB: 1
Geometry(0):
	Guid = {00000000-0000-0000-0000-000000000000}
	Fluid..
	5 Bodies.
	1 Real body.
	-- Bodyset 0 --
		Tolerance=8.62e-05.
		659 Face(s).
			659 of b-spline type.
		0 Face(s) that have no ref faces
		392 Plane surface(s).
		233 Cylinder surface(s).
		6 Cone surface(s).
		16 Torus surface(s).
		12 Blending surface(s).
		19692 Triangle(s).
		Getting triangle connectivities from DB: 0.002 s
		1454 Edge(s).
			1454 of b-spline type.
		BodyGeom reading: 0.033 s.
		19680 Reference Triangles.
		Getting triangle connectivities from DB (Ref): 0.002 s
		BodyGeom Ref reading: 0.004 s.
Geometry(1):
	Solid.
	-- Bodyset 1 --
	Empty
-----------------------------------------------------------------------
Number of geometries in task: 2
Number of bodysets   in task: 2
-----------------------------------------------------------------------
BodySet (0):
	Making hash and connectivity for Bodyset ...
		CBodyGeom:
		Hash size: {16, 56, 16}.
		Mesh size: {4, 56, 4}.
		Hashing triangles...Ok.
			axis(0) tr sizes: average=53 max=1454
			axis(1) tr sizes: average=164 max=880
			axis(2) tr sizes: average=53 max=1636
		Number of t-connected sets:6 (cavity=1)
		CBodyGeomRef:
		Hashing triangles...Ok.
			axis(0) tr sizes: average=162 max=3614
			axis(1) tr sizes: average=1520 max=3228
			axis(2) tr sizes: average=161 max=3985
	0.0136 s.
Geometries reading and preparing has taken 0.059 s.
-----------------------------------------------------------------------
Mapped triangles:
Hashing rough geometry(bodies) triangulation:
BodySet (0):
	Triangles num=19692
	Triangles box={-0.122573 ,0.0304375 ,-2.07541 ,-0.0876337 ,-0.0765053 ,0.0765049}
		3d-hash size is 154824 bytes
BodySet (1):
Empty

Hashing peculiar surfaces triangles:
Surface triangles (0):
	Triangles num=88
	Triangles box={-0.124419 ,0.0322714 ,-2.07145 ,-2.07145 ,-0.0783554 ,0.0783207}
		3d-hash size is 4836 bytes
Surface triangles (1):
	Triangles num=88
	Triangles box={-0.124419 ,0.0322714 ,-0.0915974 ,-0.0915974 ,-0.078321 ,0.0783551}
		3d-hash size is 4836 bytes

Mapped triangles processed in 0.016 s.
-----------------------------------------------------------------------
-----------------------------------------------------------------------
Getting sectors:
Number of sectors: 0
-----------------------------------------------------------------------
-----------------------------------------------------------------------

Current CPU = 0 sec
-----------------------------------------------------------------------
Memory Working Set Current = 44.02 Mb, Memory Working Set Peak = 46.78 Mb
Process Threads Number: 22
-----------------------------------------------------------------------
-----------------------------------------------------------------------
Checking faces on CD...
FCD = [0 0 0 0 0 0]
FCD_conflicts = 0
Time (check faces on CD)=0.000 s
-----------------------------------------------------------------------

-----------------------------------------------------------------------
Mesh dimensions:
				I[0 ]=4
				I[1 ]=56
				I[2 ]=4

Comp. domain size:
				a[0  ]=-0.12242
				a[1  ]=0.0302848
				a[2  ]=-2.07343
				a[3  ]=-0.0896176
				a[4  ]=-0.0763526
				a[5  ]=0.0763522

Fluid calculated			1
Solid calculated			0
-----------------------------------------------------------------------
MESH Build started...
-----------------------------------------------------------------------
Mesh LEVEL = 1
-----------------------------------------------------------------------
-----------------------------------------------------------------------
CPT-mode xeps:
	D / dh / eps [axis=0] = (0.152705, 0.0190821, 1.90821e-05)
	D / dh / eps [axis=1] = (1.98381, 0.0177078, 1.77078e-05)
	D / dh / eps [axis=2] = (0.152705, 0.0190837, 1.90837e-05)
-----------------------------------------------------------------------
Initial allocation and brick-body-box intersection...OK (0.000 s)
Initial triangle brick intersection...OK (0.000 s)
Setting regions (896 / 896)...OK (0.000 s)
-----------------------------------------------------------------------
Base mesh info:
	3D task
	Nx=4
	Ny=56
	Nz=4
	N(Nx*Ny*Nz) = 224
	Period    axis=[0, 0, 0]
	Symmetry  ni=[0 0 0 0 0 0]
	ZoomingBC ni=[0 0 0 0 0 0]
	Nx=4
		x[0]=-0.12242
		x[1]=-0.0842318
		x[2]=-0.0460556
		x[3]=-0.00787938
		x[4]=0.0302848
	Ny=56
		y[0]=-2.07343
		y[1]=-2.03799
		y[2]=-2.00257
		y[3]=-1.96714
		y[4]=-1.93172
		y[5]=-1.89629
		y[6]=-1.86087
		y[7]=-1.82544
		y[8]=-1.79002
		y[9]=-1.75459
		y[10]=-1.71917
		y[11]=-1.68374
		y[12]=-1.64832
		y[13]=-1.61289
		y[14]=-1.57747
		y[15]=-1.54204
		y[16]=-1.50661
		y[17]=-1.47119
		y[18]=-1.43576
		y[19]=-1.40034
		y[20]=-1.36491
		y[21]=-1.32949
		y[22]=-1.29406
		y[23]=-1.25864
		y[24]=-1.22321
		y[25]=-1.18779
		y[26]=-1.15236
		y[27]=-1.11694
		y[28]=-1.08151
		y[29]=-1.04609
		y[30]=-1.01066
		y[31]=-0.975237
		y[32]=-0.939812
		y[33]=-0.904387
		y[34]=-0.868962
		y[35]=-0.833537
		y[36]=-0.798111
		y[37]=-0.762686
		y[38]=-0.727261
		y[39]=-0.691836
		y[40]=-0.656411
		y[41]=-0.620986
		y[42]=-0.58556
		y[43]=-0.550135
		y[44]=-0.51471
		y[45]=-0.479285
		y[46]=-0.44386
		y[47]=-0.408434
		y[48]=-0.373009
		y[49]=-0.337584
		y[50]=-0.302159
		y[51]=-0.266734
		y[52]=-0.231309
		y[53]=-0.195883
		y[54]=-0.160458
		y[55]=-0.125033
		y[56]=-0.0896176
	Nz=4
		z[0]=-0.0763526
		z[1]=-0.0381676
		z[2]=8.62523e-06
		z[3]=0.0381848
		z[4]=0.0763522
-----------------------------------------------------------------------
Input_mesh_settings--------------------------------
Settings 0----------------
	Scope: GLOBAL
	Type:	------MESHER_SETTINGS----------
	RefAllCells           =0
	RefFluidCells         =0
	RefPartCells          =0
	RefSolidCells         =0
	l_SSFR(Capture crit)  =1
	l_curv(Curvature crit)=0
	l_tol(Tolerance crit) =0
	UseChannelRef         =1
	  NCR_method          =0
	  l_NCR               =1
	  N_gap               =5
	  Use d_NCR_min       =0
	  Use d_NCR_max       =0
	CloseThinSlotsHeight         =0
	--END_OF_MESHER_SETTINGS-------
End of input mesh settings-------------------------
-----------------------------------------------------------------------
Memory Working Set Current = 45.38 Mb, Memory Working Set Peak = 46.78 Mb
Process Threads Number: 22
-----------------------------------------------------------------------
MMP (msh): locals=1, allc_sz=0.12 MB, used_sz=0.11 MB, blks-min-max=6/6
MMP (brx): locals=16, allc_sz=0.33 MB, used_sz=0.11 MB, blks-min-max=1/3
MMP (bcf): locals=0, allc_sz=0.00 MB, used_sz=0.00 MB, blks-min-max=0/0
MMP (xsl): locals=0, allc_sz=0.00 MB, used_sz=0.00 MB, blks-min-max=0/0
NxNyNz = [4, 56, 4]
base_dx=0.0372592; 
NxNyNz_reverse = [4, 53, 4]

-----------------------------------------------------------------------
Refining geometries:
-----------------------------------------------------------------------

-----------------------------------------------------------------------
Refining by triangulation...
Refinement input: 896 bricks
	Checking crit (896 / 896)...48 marked (0.011 s)
	Time(refinement): 0.000 s
Setting regions (384 / 1232)...OK (0.000 s)
	Checking crit (0 / 1232)...0 marked (0.000 s)
Refinement result: 1232 bricks (0.011 s)
Refinement input: 1232 bricks
	Checking crit (848 / 1232)...0 marked (0.000 s)
Refinement result: 1232 bricks (0.000 s)
Collecting and processing rays:
	Adding rays...OK (0.000 s)
	new bricks = 1232 / 1232
	new rays   = 748 (x=332, y=78, z=338)
	Processing rays...
		Rays process:  0.008 (0.008) s
		Sort xstacks:  0.000 (0.000) s
		Put xstacks:   0.000 (0.000) s
		Total:         0.009 s
	Correcting rays...
		Lame vertices: 0.000 (0.000) s
		Bad rays:      0.000 (0.000) s
		Emit rays:     0.000 (0.000) s
		Correct ray f: 0.000 (0.000) s
		Undef:         0.000 (0.000) s
		Sum:           0.000 (0.000) s
		Total:         0.000 s
	Time (rays): 0.010 s
Capturing (1232 / 1232)...OK (0.000 s)
Refining by triangulation takes 0.022 s
-----------------------------------------------------------------------

-----------------------------------------------------------------------
Refining peculiar surfaces...
0 surfaces refined
Refining peculiar surfaces takes 0 s
-----------------------------------------------------------------------
Collecting and processing rays:
	Adding rays...OK (0.000 s)
	new bricks = 0 / 1232
	new rays   = 0 (x=0, y=0, z=0)
	Processing rays...
		Rays process:  0.000 (0.000) s
		Sort xstacks:  0.000 (0.000) s
		Put xstacks:   0.000 (0.000) s
		Total:         0.000 s
	Correcting rays...
		Total:         0.000 s
	Time (rays): 0.000 s
Capturing (0 / 1232)...OK (0.000 s)

-----------------------------------------------------------------------
Base mesh 1 Refining...
Collecting and processing rays:
	Adding rays...OK (0.000 s)
	new bricks = 0 / 1232
	new rays   = 0 (x=0, y=0, z=0)
	Processing rays...
		Rays process:  0.000 (0.000) s
		Sort xstacks:  0.000 (0.000) s
		Put xstacks:   0.000 (0.000) s
		Total:         0.000 s
	Correcting rays...
		Total:         0.000 s
	Time (rays): 0.000 s
Capturing (0 / 1232)...OK (0.000 s)
Refinement input: 1232 bricks
	Checking crit (848 / 1232)...0 marked (0.000 s)
Refinement result: 1232 bricks (0.000 s)
-----------------------------------------------------------------------
Refining channels...
FYI: CNarrowChannelRefiner::RefineChannels_PRLL
Refinement input: 1232 bricks
	Time(refinement): 0.001 s
Setting regions (5208 / 5789)...OK (0.000 s)
Refinement result: 5789 bricks (0.001 s)
Collecting and processing rays:
	Adding rays...OK (0.000 s)
	new bricks = 5208 / 5789
	new rays   = 1367 (x=685, y=3, z=679)
	Processing rays...
		Rays process:  0.001 (0.001) s
		Sort xstacks:  0.000 (0.000) s
		Put xstacks:   0.000 (0.000) s
		Total:         0.002 s
	Correcting rays...
		Lame vertices: 0.000 (0.000) s
		Bad rays:      0.000 (0.000) s
		Emit rays:     0.000 (0.000) s
		Correct ray f: 0.000 (0.000) s
		Undef:         0.000 (0.000) s
		Sum:           0.000 (0.000) s
		Total:         0.001 s
	Time (rays): 0.003 s
Capturing (5208 / 5789)...OK (0.000 s)
FYI: m_iteration_count = 0
FYI: level1 statistics:
     level1_cnt_plus[1]=5208;		level1_cnt_minus[1]=0
     level1_cnt_plus[2]=0;		level1_cnt_minus[2]=0
     level1_cnt_plus[3]=0;		level1_cnt_minus[3]=0
     level1_cnt_plus[4]=0;		level1_cnt_minus[4]=0
     level1_cnt_plus[5]=0;		level1_cnt_minus[5]=0
     level1_cnt_plus[6]=0;		level1_cnt_minus[6]=0
     level1_cnt_plus[7]=0;		level1_cnt_minus[7]=0
     level1_cnt_plus[8]=0;		level1_cnt_minus[8]=0
     level1_cnt_plus[9]=0;		level1_cnt_minus[9]=0
Refinement input: 5789 bricks
	Time(refinement): 0.000 s
Setting regions (8 / 5796)...OK (0.000 s)
Refinement result: 5796 bricks (0.001 s)
Collecting and processing rays:
	Adding rays...OK (0.000 s)
	new bricks = 8 / 5796
	new rays   = 0 (x=0, y=0, z=0)
	Processing rays...
		Rays process:  0.000 (0.000) s
		Sort xstacks:  0.000 (0.000) s
		Put xstacks:   0.000 (0.000) s
		Total:         0.000 s
	Correcting rays...
		Total:         0.000 s
	Time (rays): 0.001 s
Capturing (8 / 5796)...OK (0.000 s)
FYI: m_iteration_count = 1
FYI: level1 statistics:
     level1_cnt_plus[1]=5216;		level1_cnt_minus[1]=0
     level1_cnt_plus[2]=0;		level1_cnt_minus[2]=0
     level1_cnt_plus[3]=0;		level1_cnt_minus[3]=0
     level1_cnt_plus[4]=0;		level1_cnt_minus[4]=0
     level1_cnt_plus[5]=0;		level1_cnt_minus[5]=0
     level1_cnt_plus[6]=0;		level1_cnt_minus[6]=0
     level1_cnt_plus[7]=0;		level1_cnt_minus[7]=0
     level1_cnt_plus[8]=0;		level1_cnt_minus[8]=0
     level1_cnt_plus[9]=0;		level1_cnt_minus[9]=0
FYI: m_iteration_count = 2
FYI: level1 statistics:
     level1_cnt_plus[1]=5216;		level1_cnt_minus[1]=0
     level1_cnt_plus[2]=0;		level1_cnt_minus[2]=0
     level1_cnt_plus[3]=0;		level1_cnt_minus[3]=0
     level1_cnt_plus[4]=0;		level1_cnt_minus[4]=0
     level1_cnt_plus[5]=0;		level1_cnt_minus[5]=0
     level1_cnt_plus[6]=0;		level1_cnt_minus[6]=0
     level1_cnt_plus[7]=0;		level1_cnt_minus[7]=0
     level1_cnt_plus[8]=0;		level1_cnt_minus[8]=0
     level1_cnt_plus[9]=0;		level1_cnt_minus[9]=0
FYI: level1 statistics:
     level1_cnt_plus[1]=5216;		level1_cnt_minus[1]=0
     level1_cnt_plus[2]=0;		level1_cnt_minus[2]=0
     level1_cnt_plus[3]=0;		level1_cnt_minus[3]=0
     level1_cnt_plus[4]=0;		level1_cnt_minus[4]=0
     level1_cnt_plus[5]=0;		level1_cnt_minus[5]=0
     level1_cnt_plus[6]=0;		level1_cnt_minus[6]=0
     level1_cnt_plus[7]=0;		level1_cnt_minus[7]=0
     level1_cnt_plus[8]=0;		level1_cnt_minus[8]=0
     level1_cnt_plus[9]=0;		level1_cnt_minus[9]=0

-----------------------------------------------------------------------
U-shapes refinement...
Refinement input: 5796 bricks
	Checking crit (196 / 5796)...0 marked (0.000 s)
Refinement result: 5796 bricks (0.000 s)
Collecting and processing rays:
	Adding rays...OK (0.000 s)
	new bricks = 0 / 5796
	new rays   = 0 (x=0, y=0, z=0)
	Processing rays...
		Rays process:  0.000 (0.000) s
		Sort xstacks:  0.000 (0.000) s
		Put xstacks:   0.000 (0.000) s
		Total:         0.000 s
	Correcting rays...
		Total:         0.000 s
	Time (rays): 0.000 s
Capturing (0 / 5796)...OK (0.000 s)
-----------------------------------------------------------------------

-----------------------------------------------------------------------
Equi Distant Refiner:
Equi Distant Refiner takes 0.00 s
-----------------------------------------------------------------------

/-Ray Intersection---------------/ Time	0.082 s
Calls                2115
CorrectRay Calls     0



-----------------------------------------------------------------------
Refining geometries takes 0.067 s
-----------------------------------------------------------------------
-----------------------------------------------------------------------
Memory Working Set Current = 57.94 Mb, Memory Working Set Peak = 59.88 Mb
Process Threads Number: 22
-----------------------------------------------------------------------
Defect ray count	0
FYI: CNarrowChannelRefiner::RedistributeLevel1_step_1: is finished
FYI: level1 statistics:
     level1_cnt_plus[1]=5216;		level1_cnt_minus[1]=0
     level1_cnt_plus[2]=0;		level1_cnt_minus[2]=0
     level1_cnt_plus[3]=0;		level1_cnt_minus[3]=0
     level1_cnt_plus[4]=0;		level1_cnt_minus[4]=0
     level1_cnt_plus[5]=0;		level1_cnt_minus[5]=0
     level1_cnt_plus[6]=0;		level1_cnt_minus[6]=0
     level1_cnt_plus[7]=0;		level1_cnt_minus[7]=0
     level1_cnt_plus[8]=0;		level1_cnt_minus[8]=0
     level1_cnt_plus[9]=0;		level1_cnt_minus[9]=0
FYI: CNarrowChannelRefiner::RedistributeLevel1_step_2: is started
FYI: CNarrowChannelRefiner::RedistributeLevel1_step_2: is finished
FYI: level1 statistics:
     level1_cnt_plus[1]=5465;		level1_cnt_minus[1]=0
     level1_cnt_plus[2]=0;		level1_cnt_minus[2]=0
     level1_cnt_plus[3]=0;		level1_cnt_minus[3]=0
     level1_cnt_plus[4]=0;		level1_cnt_minus[4]=0
     level1_cnt_plus[5]=0;		level1_cnt_minus[5]=0
     level1_cnt_plus[6]=0;		level1_cnt_minus[6]=0
     level1_cnt_plus[7]=0;		level1_cnt_minus[7]=0
     level1_cnt_plus[8]=0;		level1_cnt_minus[8]=0
     level1_cnt_plus[9]=0;		level1_cnt_minus[9]=0
FYI: CNarrowChannelRefiner::RedistributeLevel1_step_3: is started
FYI: CNarrowChannelRefiner::RedistributeLevel1_step_3: is finished
RedistributeLevel1 takes:
FYI: level1 statistics:
     level1_cnt_plus[1]=5465;		level1_cnt_minus[1]=102
     level1_cnt_plus[2]=0;		level1_cnt_minus[2]=0
     level1_cnt_plus[3]=0;		level1_cnt_minus[3]=0
     level1_cnt_plus[4]=0;		level1_cnt_minus[4]=0
     level1_cnt_plus[5]=0;		level1_cnt_minus[5]=0
     level1_cnt_plus[6]=0;		level1_cnt_minus[6]=0
     level1_cnt_plus[7]=0;		level1_cnt_minus[7]=0
     level1_cnt_plus[8]=0;		level1_cnt_minus[8]=0
     level1_cnt_plus[9]=0;		level1_cnt_minus[9]=0
-----------------------------------------------------------------------
MSH format builder (Iteration 0)
-----------------------------------------------------------------------
Memory Working Set Current = 60.67 Mb, Memory Working Set Peak = 62.86 Mb
Process Threads Number: 22
-----------------------------------------------------------------------
Total bricks count: 5796
-----------------------------------------------------------------------
MSH (Real Geometry) format constructor:
	Geom    Count = 2
	Bodyset Count = 2
	3D task
	Getting brick sets...OK (0.000 s)

	Min x-stack xeps = 3.01497e-05
	D / dh / eps [axis=0] = (0.152705, 0.0190821, 1.00499e-05)
	D / dh / eps [axis=1] = (1.98381, 0.0177078, 1.00499e-05)
	D / dh / eps [axis=2] = (0.152705, 0.0190837, 1.00499e-05)
	Time (xeps): 0.000 s
Level 1
	Set (0)  size: 2800
	Set (0)  time: 0.021 s
	Set (1)  size: 2800
	Set (1)  time: 0.016 s
Level 0
	Set (0)  size: 98
	Set (0)  time: 0.000 s
	Set (1)  size: 98
	Set (1)  time: 0.000 s

	Spread npq bricks...33 marked (0.000 s)

Result:
	Bricks number:                        5796

	Memory usage:                         2.201 MB
	Memory usage (per brick):             0.389 KB
	Construction time:                    0.039 s

	Topology features:
	------------------
	- High quality bricks                   98.96 % (5736)
	- Medium quality bricks                  1.04 % (60)
	- Bad quality bricks                     0.00 % (0)
	- NPQ bricks                             1.29 % (75)
	- Type-1 bricks                         58.23 % (3375)
	- Ribs corrected bricks                  0.00 % (0)
	- Points with geom-info (bricks)         1.28 % (74)
	- Points with closest-info (bricks)      0.07 % (4)
	- Triangulated by center (bricks)        1.21 % (70)
	- Facet w-faces mergings (bricks)        0.00 % (0)
	- To refine (bricks)                     0.00 % (0)
	- Points-count                           0.00 % (0)
	- T-self-intersection-all (bricks)       0.00 % (0)
	- T-self-intersection-simple (bricks)    0.00 % (0)
	- T-self-intersection-complex (bricks)   0.00 % (0)
	- NPQ by reason 1 u-shape                0.16 % (9)
	- NPQ by reason 2 tri-by-ctr             0.10 % (6)
	- NPQ by reason 3 ray-correction         0.00 % (0)
	- NPQ by reason 4 t-self-intersection    0.00 % (0)
	- NPQ by reason 5 non-good               1.04 % (60)
	- NPQ by reason 6 npq-worker             0.00 % (0)

-----------------------------------------------------------------------
Memory Working Set Current = 86.70 Mb, Memory Working Set Peak = 86.70 Mb
Process Threads Number: 22
-----------------------------------------------------------------------
-----------------------------------------------------------------------
msh-iterations: 1
-----------------------------------------------------------------------
high---q-brick-count =  98.96 % (5796 5736)
medium-q-brick-count =   1.04 % (5796 60)
bad----q-brick-count =   0.00 % (5796 0)
np-----q-brick-count =   1.86 % (5796 108)
-----------------------------------------------------------------------
Free brick parser storage...OK(0.004 s)
-----------------------------------------------------------------------
Memory Working Set Current = 80.30 Mb, Memory Working Set Peak = 87.38 Mb
Process Threads Number: 22
-----------------------------------------------------------------------
-----------------------------------------------------------------------
MSH --> BCF format (Iteration 0)...
BCF collector...(remove mode=0)
	Time (alloc counter per brick): 0.000 s
	Brick    count: 5796
	Av.f all count: 5442
	Av.s all count: 4190
	Av.f pid count: 3469
	Av.s pid count: 3742
	Faces fs count: 6271
	Faces ff count: 0
	Faces ss count: 0
	Faces bb count: 0
	Faces fe count: 0
	Faces se count: 3688
	Faces fw count: 9959
	Faces af count: 15006
	Faces as count: 8770
	Time (all count): 	0.001 s
	Time (bcf alloc): 	0.001 s
	Time (shifts alloc): 	0.000 s
	Time (shifts init): 	0.000 s
	Time (bcf fill): 	0.001 s
	Time (add av to faces): 0.000 s
	Time (add faces to av): 0.001 s
Time (bcf collect): 		0.005 s
	AV checker...
	Time (check av): 	0.001 s
	Subdomain checker...
		Subdomains construction time: 0.000 s.
		Subdomains sort time: 0.000 s.
			Subdomain 0 (geom_ind=0): 5434 av
			Subdomain 1 (geom_ind=0): 4 av
			Subdomain 2 (geom_ind=0): 4 av
			Subdomain 3 (geom_ind=1): 3624 av
			Subdomain 4 (geom_ind=1): 239 av
			Subdomain 5 (geom_ind=1): 63 av
			Subdomain 6 (geom_ind=1): 60 av
			Subdomain 7 (geom_ind=1): 51 av
			Subdomain 8 (geom_ind=1): 48 av
			Subdomain 9 (geom_ind=1): 47 av
			...
			Subdomain 15 (geom_ind=1): 4 av
		gi: 0, real bodies: 1
		gi: 0, subdomains:  3
		Defect subdomains by real bodies count: 2
		gi: 1, real bodies: 0
		gi: 1, subdomains:  13
		Defect subdomains: 2
	Time (check subdoms): 	0.001 s
Free bcf...            OK	Time=0.000 s
	Time (corr msh): 	0.000 s
	Bricks corrected: 8
Time (bcf iteration total): 	0.009 s
-----------------------------------------------------------------------
MSH --> BCF format (Iteration 1)...
BCF collector...(remove mode=0)
	Time (alloc counter per brick): 0.000 s
	Brick    count: 5796
	Av.f all count: 5434
	Av.s all count: 4190
	Av.f pid count: 3461
	Av.s pid count: 3742
	Faces fs count: 6247
	Faces ff count: 0
	Faces ss count: 0
	Faces bb count: 0
	Faces fe count: 0
	Faces se count: 3688
	Faces fw count: 9935
	Faces af count: 14998
	Faces as count: 8778
	Time (all count): 	0.001 s
	Time (bcf alloc): 	0.001 s
	Time (shifts alloc): 	0.000 s
	Time (shifts init): 	0.000 s
	Time (bcf fill): 	0.001 s
	Time (add av to faces): 0.000 s
	Time (add faces to av): 0.001 s
Time (bcf collect): 		0.006 s
	AV checker...
	Time (check av): 	0.001 s
	Subdomain checker...
		Subdomains construction time: 0.001 s.
		Subdomains sort time: 0.000 s.
			Subdomain 0 (geom_ind=0): 5434 av
			Subdomain 1 (geom_ind=1): 3624 av
			Subdomain 2 (geom_ind=1): 239 av
			Subdomain 3 (geom_ind=1): 63 av
			Subdomain 4 (geom_ind=1): 60 av
			Subdomain 5 (geom_ind=1): 51 av
			Subdomain 6 (geom_ind=1): 48 av
			Subdomain 7 (geom_ind=1): 47 av
			Subdomain 8 (geom_ind=1): 36 av
			Subdomain 9 (geom_ind=1): 6 av
			...
			Subdomain 13 (geom_ind=1): 4 av
		gi: 0, real bodies: 1
		gi: 0, subdomains:  1
		gi: 1, real bodies: 0
		gi: 1, subdomains:  13
		Defect subdomains: 0
	Time (check subdoms): 	0.002 s
Time (bcf iteration total): 	0.008 s
	Time (fw-nb): 		0.000 s
	Fixed mutual fw-nb:     3429 (bb: 0)
	Time (fw-nb mutual): 	0.001 s
	Time (fw-nb sort): 	0.000 s
	Fw-opt BEFORE total:    9935 (fs=6247, ff=0, ss=0)
	Fw-opt AFTER  total:    9483 (fs=5795, ff=0, ss=0, failed fw/br=39/11, big_curv=117, big_poly=8)
	Fw-opt RESULT:          452 (res/(fs+ff+ss) = 7.24 %)
	Time (fw-opt): 		0.000 s
	Time (fw-re-order): 	0.001 s
	Time (fw-nb): 		0.004 s
	Fixed mutual fw-nb:     18459 (bb: 0)
	Time (fw-nb mutual): 	0.002 s
	Time (fw-nb sort): 	0.000 s
	Time (rfd fix): 	0.000 s
	Time (av convexity): 	0.001 s
	Time (av small volume): 0.000 s
	Time (diagonal fw-nb): 	0.005 s
	Fixed mutual fw-nb:     0 (bb: 0)
	Time (fw-nb mutual): 	0.001 s
	Time (fw-nb sort): 	0.000 s
	Fluid subdomains: 1
	Faces fw-nb diff sd:    0
	Time (fw-nb diff sd): 	0.001 s
Time (bcf calc): 		0.019 s
-----------------------------------------------------------------------
Time (bcf total): 		0.036 s
-----------------------------------------------------------------------
-----------------------------------------------------------------------
Mega-cv constructor for fluid...
	 36 av's is treated as thin
Relative size generator (threshold = 0.05)...
	Iteration 1 (small cluster count = 19)
	Iteration 2 (small cluster count = 5)
	Iteration 3 (small cluster count = 0)
	 19 mega-cv's generated
	 2 mega-cv's removed
Relative size generator is completed OK (0.001 s)
Apply fa-rules to mega-cv clusters fixes...
OK (0.000 s)
Convert clusters:
	 17 mega-cv's total
Mega-cv count: 17
Time (mega-cv fill): 	0.000 s
Time (mega-cv total): 	0.003 s
-----------------------------------------------------------------------
Mixing plane rotation regions: NO.
Sliding mesh rotation regions: NO.
Fluid/fluid faces: NO.
-----------------------------------------------------------------------
Memory Working Set Current = 87.19 Mb, Memory Working Set Peak = 87.38 Mb
Process Threads Number: 22
-----------------------------------------------------------------------
----------------------------------------------------------
BCF --> BCF.GEOMSUBDOM (bridge arrays):
MESH (0):
	Fluid Subdom Constructor: 1 subdom(s).
	Solid Subdom Constructor: 13 subdom(s).
	Net Asm Subdom Constructor: 0 subdom(s).
	GEOMSUBDOM (0): gi=0 fluid av=5434 cv=5413 fa=14998 fb=0 fw=5795 V=3.516669e-02
	Cache data...OK
	GEOMSUBDOM (1): gi=1 solid av=3624 cv=3624 fa=7696 fb=0 fw=6932 V=1.048725e-02
	Cache data...OK
	GEOMSUBDOM (2): gi=1 solid av=36 cv=36 fa=72 fb=0 fw=64 V=7.652867e-05
	Cache data...OK
	GEOMSUBDOM (3): gi=1 solid av=239 cv=239 fa=475 fb=0 fw=1186 V=2.680817e-04
	Cache data...OK
	GEOMSUBDOM (4): gi=1 solid av=47 cv=47 fa=80 fb=0 fw=253 V=3.715694e-05
	Cache data...OK
	GEOMSUBDOM (5): gi=1 solid av=63 cv=63 fa=115 fb=0 fw=337 V=3.286287e-05
	Cache data...OK
	GEOMSUBDOM (6): gi=1 solid av=51 cv=51 fa=105 fb=0 fw=105 V=7.563333e-05
	Cache data...OK
	GEOMSUBDOM (7): gi=1 solid av=48 cv=48 fa=102 fb=0 fw=98 V=7.599224e-05
	Cache data...OK
	GEOMSUBDOM (8): gi=1 solid av=60 cv=60 fa=110 fb=0 fw=397 V=3.968562e-05
	Cache data...OK
	GEOMSUBDOM (9): gi=1 solid av=4 cv=4 fa=4 fb=0 fw=12 V=6.921891e-08
	Cache data...OK
	GEOMSUBDOM (10): gi=1 solid av=4 cv=4 fa=4 fb=0 fw=16 V=2.116714e-08
	Cache data...OK
	GEOMSUBDOM (11): gi=1 solid av=6 cv=6 fa=7 fb=0 fw=40 V=1.514438e-13
	Cache data...OK
	GEOMSUBDOM (12): gi=1 solid av=4 cv=4 fa=4 fb=0 fw=24 V=1.126064e-13
	Cache data...OK
	GEOMSUBDOM (13): gi=1 solid av=4 cv=4 fa=4 fb=0 fw=19 V=1.601824e-11
	Cache data...OK
	Setting nb of w-faces...OK (0.001 s).
	Correcting nb of w-faces...
	Time(correct_fw_nb)=0.001 s

MESH (0) checking:
	GEOMSUBDOM (0):fa_s=4.7006506121168083 fb_s=0.0000000000000000 fw_s=1.1289748094053687 fw_nb=54498
	              :d_const(4677)=2.88147e-12 d_linear(4473)=1.00354e-11
	GEOMSUBDOM (1):fa_s=1.2100430478379649 fb_s=0.0000000000000000 fw_s=2.2401796767780717 fw_nb=40736
	              :d_const(68)=3.91953e-15 d_linear(32)=2.24273e-13
	GEOMSUBDOM (2):fa_s=0.0120271499794961 fb_s=0.0000000000000000 fw_s=0.0107583981385199 fw_nb=496
	              :d_const(21)=3.07066e-15 d_linear(11)=6.56436e-14
	GEOMSUBDOM (3):fa_s=0.0436097510136303 fb_s=0.0000000000000000 fw_s=0.0734910588595682 fw_nb=13726
	              :d_const(184)=4.42273e-14 d_linear(197)=8.39767e-11
	GEOMSUBDOM (4):fa_s=0.0062801515474500 fb_s=0.0000000000000000 fw_s=0.0136217176096800 fw_nb=2680
	              :d_const(1)=5.23087e-15 d_linear(46)=7.67809e-11
	GEOMSUBDOM (5):fa_s=0.0065751044035707 fb_s=0.0000000000000000 fw_s=0.0129768984172635 fw_nb=3892
	              :d_const(21)=3.23541e-12 d_linear(29)=1.5972e-11
	GEOMSUBDOM (6):fa_s=0.0132459474211535 fb_s=0.0000000000000000 fw_s=0.0106445798101372 fw_nb=922
	              :d_const(37)=2.78901e-12 d_linear(37)=1.03215e-11
	GEOMSUBDOM (7):fa_s=0.0135006385382825 fb_s=0.0000000000000000 fw_s=0.0108806742509084 fw_nb=852
	              :d_const(46)=9.3754e-14 d_linear(11)=4.57676e-13
	GEOMSUBDOM (8):fa_s=0.0076955558618665 fb_s=0.0000000000000000 fw_s=0.0146382395329235 fw_nb=4680
	              :d_const(44)=7.4739e-12 d_linear(44)=2.06231e-11
	GEOMSUBDOM (9):fa_s=0.0000506122290975 fb_s=0.0000000000000000 fw_s=0.0001072581690243 fw_nb=100
	              :d_const(1)=7.72614e-17 d_linear(1)=4.05882e-14
	GEOMSUBDOM (10):fa_s=0.0000284647073135 fb_s=0.0000000000000000 fw_s=0.0000603014415900 fw_nb=164
	              :d_const(2)=6.47689e-17 d_linear(3)=1.01302e-12
	GEOMSUBDOM (11):fa_s=0.0000001298496191 fb_s=0.0000000000000000 fw_s=0.0000002980155625 fw_nb=520
	              :d_const(2)=8.8445e-17 d_linear(2)=1.43498e-11
	GEOMSUBDOM (12):fa_s=0.0000000564806720 fb_s=0.0000000000000000 fw_s=0.0000000798758605 fw_nb=312
	              :d_const(2)=5.49328e-17 d_linear(2)=3.86702e-12
	GEOMSUBDOM (13):fa_s=0.0000013328719019 fb_s=0.0000000000000000 fw_s=0.0000021571168807 fw_nb=186
	              :d_const(3)=1.72524e-14 d_linear(2)=1.82574e-12
MESH (0) checking: OK.
Time (MDS): 	0.014 s
----------------------------------------------------------
-----------------------------------------------------------------------
Memory Working Set Current = 89.62 Mb, Memory Working Set Peak = 89.62 Mb
Process Threads Number: 22
-----------------------------------------------------------------------

-----------------------------------------------------------------------
BCF CHECKSUM DATA (Mesh 0):

BRICK |Level1| Sum:               5567
FACE_A Area Sum:   G.Fluid        4.7006506121168101
FACE_A Area Sum:   G.Solid        1.3130579427420184
FACE_W Area Sum:                  2.3873613380159902
FACE_W Nb   Sum:                  69266
FACE_W min curvatures sum:        -167064.80727959
FACE_W max curvatures sum:        162091.09535599
AV Max Disbalance(Const) :        1.24043e-10 (cid=3840, t={4, 97, 5}, avid=3689, pid=2225)
AV Max Disbalance(Linear):        1.19159e-09 (cid=2724, t={2, 96, 3}, avid=2544, pid=1647)
-----------------------------------------------------------------------


-----------------------------------------------------------------------
MESHER TOPOLOGY DATA:

BRICKS: Total                 5796
BRICKS: Fluid                 5348
BRICKS: Fluid Partial         3375
BRICKS: Type 1                3375
BRICKS: Max AV number         7

AV:     G.Total               9624
AV:     G.Fluid               5434
AV:     G.Solid               4190

AV:     G.Fluid Thin Profile    4.84 % (263)
AV:     G.Solid Thin Profile    1.77 % (74)

AV:     G.Fluid Thin For Mega   0.66 % (36)
AV:     G.Solid Thin For Mega   0.41 % (17)

AV:     G.Fluid Non-Convex      5.98 % (325)
AV:     G.Solid Non-Convex      7.18 % (301)

AV:     G.Fluid Non-Ess-Convex      5.36 % (291)
AV:     G.Solid Non-Ess-Convex      6.66 % (279)

FACE_A: G.Fluid          (af) 14998 (partially opened 7109)
FACE_A: G.Solid          (as) 8778 (partially opened 7412)

FACE_B: G.Total          (b)  0

FACE_W: G.Total                 9483        Brick/Bound
FACE_W: G.Fluid/Solid    (fs_g) 5795        0           
FACE_W: G.Fluid/Fluid    (ff_g) 0           0           
FACE_W: G.Solid/Solid    (ss_g) 0           0           
FACE_W: G.Fluid/External (fe_g) 0
FACE_W: G.Solid/External (se_g) 3688

AV/CV max fa count (on brick side):4
AV/CV max fw count:                4
AV/CV max fb count:                0
AV/CV max fw poly count:           75

MEMORY: Total                   4.024 MB
MEMORY: Per Brick               0.711 KB
-----------------------------------------------------------------------

-----------------------------------------------------------------------
Connectivities information:
	Number of conns: 0
-----------------------------------------------------------------------
	Time (gap size): 	0.007 s
-----------------------------------------------------------------------
Memory Working Set Current = 90.24 Mb, Memory Working Set Peak = 90.30 Mb
Process Threads Number: 22
-----------------------------------------------------------------------
-----------------------------------------------------------------------
Calculating curvature and tolerance criteria...
Curvature: min=0 (cid=0) max=3.14159 (cid=1473)
Tolerance: min=0 (cid=0) max=0.0222095 (cid=2676)
Calculating curvature and tolerance criteria takes 0.022 s
-----------------------------------------------------------------------
MESH Build(FS) finished. Time=0.307 s
-----------------------------------------------------------------------
Current CPU = 1 sec

Nx=4
Ny=56
Nz=4
Max BRICK Level=1
Mesh Level=1
-----------------CModelBodies2MeshMapper::CollectData started -------------------------------
	Time (collect mesh base data): 0.001 s.
	Time (collect model bodies mapping): 0.000 s.
	Time (collect positive bodies mapping): 0.000 s.
	Time (collect fluid bodies mapping): 0.000 s.
-----------------CModelBodies2MeshMapper Report -------------------------------
FluidDomains 1 SolidDomains 13 VoidDomains 0 
Domains RefIndexes
----------------- -------------------------------
	ModelBodies
Total resolved Bodies 0 BodySets 0

--------------------------------------------------------------------------
	Positive geometry Bodies
Total resolved Bodies 1 BodySets 1
BodySet 0
	Bodies list:
			#0	Name: ;	ID: 01d9e95c-8e43-4612-b05b-9a92e0001903
	Domains list:		 0 

--------------------------------------------------------------------------
	Fluid regions
Total resolved Bodies 1 BodySets 1
BodySet 0	Material: Hydrogen; 
	Bodies list:
			#0	Name: ;	ID: 01d9e95c-8e43-4612-b05b-9a92e0001903
	Domains list:		 0 

--------------------------------------------------------------------------
Collect data takes...0.002 s
-----------------CModelBodies2MeshMapper::CollectData finished successfully-------------------
Saving initial mesh in: C:\Users\oscar\Desktop\INNOVANDO ANDO\DISEÑO ROBOT PIPELINEE\2\2.fld .
Storing results...
	Estimated CPT size=2.106 MB.
	Time (write bcf): 0.071 s
Storing results takes 0.074 s
-----------------------------------------------------------------------
Memory Working Set Current = 91.03 Mb, Memory Working Set Peak = 91.03 Mb
Process Threads Number: 22
-----------------------------------------------------------------------
Cleaning memory...
-----------------------------------------------------------------------
Start to free mesher data...
MMP (msh): locals=16, allc_sz=1.01 MB, used_sz=0.79 MB, blks-min-max=1/7
MMP (brx): locals=16, allc_sz=4.72 MB, used_sz=4.20 MB, blks-min-max=7/10
MMP (bcf): locals=16, allc_sz=7.14 MB, used_sz=6.52 MB, blks-min-max=5/29
MMP (xsl): locals=16, allc_sz=0.51 MB, used_sz=0.28 MB, blks-min-max=1/2
Free xsl...            OK	Time=0.000 s
Free ray collector...  OK	Time=0.000 s
Free ray intersector...OK	Time=0.000 s
Free body sets...      OK	Time=0.003 s
Free Geometry DB takes 0.000 s
Free mesh conn...      OK	Time=0.000 s
Free geomsd...         OK	Time=0.000 s
Free mbricks...        OK	Time=0.000 s
Free hash info...      OK	Time=0.000 s
Free bricks-x...       OK	Time=0.000 s
Free bcf...            OK	Time=0.001 s
Free mesh h...         OK	Time=0.000 s
Free bricks arr..      OK	Time=0.000 s
Free bricks tree...    OK	Time=0.000 s
Free mesh pools...     OK	Time=0.001 s
Free bodies mapper...  OK	Time=0.000 s
Free geom crits...     OK	Time=0.000 s
Free cpt regions...    OK	Time=0.000 s
Free peculiar surfs... OK	Time=0.000 s
Free sw-geometries...  OK	Time=0.000 s
Total free mesher data time: 0.007 s
-----------------------------------------------------------------------
Copying... OK
Mesh generation normally finished at	8.6.2023	16:36:22
Mesher CPU = 1 sec
Mesher is finished at	8.6.2023	16:36:22
-----------------------------------------------------------------------
Memory Working Set Current = 63.02 Mb, Memory Working Set Peak = 91.71 Mb
Process Threads Number: 22
-----------------------------------------------------------------------
Algebra Pool      : mem_usage = 0.19 Mb, allocated count = 0
-----------------------------------------------------------------------
Memory Working Set Current = 62.86 Mb, Memory Working Set Peak = 91.71 Mb
Process Threads Number: 22
-----------------------------------------------------------------------
Log ended at 08.06.2023	16:36:22
